This is pdfTeX, Version 3.14159265-2.6-1.40.18 (TeX Live 2017/MacPorts 2017_1) (preloaded format=pdflatex 2017.9.14)  14 SEP 2017 19:45
entering extended mode
 restricted \write18 enabled.
 %&-line parsing enabled.
**ex.tex
(./ex.tex
LaTeX2e <2017-04-15>
Babel <3.10> and hyphenation patterns for 3 language(s) loaded.
(/opt/local/share/texmf-texlive/tex/latex/base/article.cls
Document Class: article 2014/09/29 v1.4h Standard LaTeX document class
(/opt/local/share/texmf-texlive/tex/latex/base/size10.clo
File: size10.clo 2014/09/29 v1.4h Standard LaTeX file (size option)
)
\c@part=\count79
\c@section=\count80
\c@subsection=\count81
\c@subsubsection=\count82
\c@paragraph=\count83
\c@subparagraph=\count84
\c@figure=\count85
\c@table=\count86
\abovecaptionskip=\skip41
\belowcaptionskip=\skip42
\bibindent=\dimen102
)
(/opt/local/share/texmf-texlive/tex/latex/graphics/graphicx.sty
Package: graphicx 2014/10/28 v1.0g Enhanced LaTeX Graphics (DPC,SPQR)

(/opt/local/share/texmf-texlive/tex/latex/graphics/keyval.sty
Package: keyval 2014/10/28 v1.15 key=value parser (DPC)
\KV@toks@=\toks14
)
(/opt/local/share/texmf-texlive/tex/latex/graphics/graphics.sty
Package: graphics 2017/04/14 v1.1b Standard LaTeX Graphics (DPC,SPQR)

(/opt/local/share/texmf-texlive/tex/latex/graphics/trig.sty
Package: trig 2016/01/03 v1.10 sin cos tan (DPC)
)
(/opt/local/share/texmf-texlive/tex/latex/graphics-cfg/graphics.cfg
File: graphics.cfg 2016/06/04 v1.11 sample graphics configuration
)
Package graphics Info: Driver file: dvips.def on input line 99.

(/opt/local/share/texmf-texlive/tex/latex/graphics-def/dvips.def
File: dvips.def 2016/07/10 v3.1a Driver-dependent file (DPC,SPQR)
))
\Gin@req@height=\dimen103
\Gin@req@width=\dimen104
) (./ex.aux)
\openout1 = `ex.aux'.

LaTeX Font Info:    Checking defaults for OML/cmm/m/it on input line 4.
LaTeX Font Info:    ... okay on input line 4.
LaTeX Font Info:    Checking defaults for T1/cmr/m/n on input line 4.
LaTeX Font Info:    ... okay on input line 4.
LaTeX Font Info:    Checking defaults for OT1/cmr/m/n on input line 4.
LaTeX Font Info:    ... okay on input line 4.
LaTeX Font Info:    Checking defaults for OMS/cmsy/m/n on input line 4.
LaTeX Font Info:    ... okay on input line 4.
LaTeX Font Info:    Checking defaults for OMX/cmex/m/n on input line 4.
LaTeX Font Info:    ... okay on input line 4.
LaTeX Font Info:    Checking defaults for U/cmr/m/n on input line 4.
LaTeX Font Info:    ... okay on input line 4.
LaTeX Font Info:    External font `cmex10' loaded for size
(Font)              <12> on input line 26.
LaTeX Font Info:    External font `cmex10' loaded for size
(Font)              <8> on input line 26.
LaTeX Font Info:    External font `cmex10' loaded for size
(Font)              <6> on input line 26.
LaTeX Font Info:    External font `cmex10' loaded for size
(Font)              <7> on input line 49.
LaTeX Font Info:    External font `cmex10' loaded for size
(Font)              <5> on input line 49.
LaTeX Font Info:    Try loading font information for OMS+cmr on input line 63.

(/opt/local/share/texmf-texlive/tex/latex/base/omscmr.fd
File: omscmr.fd 2014/09/29 v2.5h Standard LaTeX font definitions
)
LaTeX Font Info:    Font shape `OMS/cmr/m/n' in size <10> not available
(Font)              Font shape `OMS/cmsy/m/n' tried instead on input line 63.

Overfull \hbox (1.27808pt too wide) in paragraph at lines 62--65
[]\OT1/cmr/m/n/10 If you want to re-fer to the equa-tion, you can use the \OT1/
cmtt/m/n/10 label\OT1/cmr/m/n/10 , with ($\OMS/cmsy/m/n/10 n$\OT1/cmr/m/n/10 re
f\OMS/cmsy/m/n/10 f\OT1/cmr/m/n/10 label\OMS/cmsy/m/n/10 g\OT1/cmr/m/n/10 ).
 []

[1
Non-PDF special ignored!

{/opt/local/var/db/texmf/fonts/map/pdftex/updmap/pdftex.map}] [2]
Overfull \hbox (33.38737pt too wide) in paragraph at lines 155--164
\OT1/cmr/m/n/10 The stan-dard La-tex com-mands [][]\OT1/cmtt/m/n/10 \section, \
subsection and \subsubsection  []\OT1/cmr/m/n/10 should
 []


Overfull \hbox (24.76749pt too wide) in paragraph at lines 177--190
[]\OT1/cmr/m/n/10 should be used. Fig-ures may be cen-tred us-ing the [][]\OT1/
cmtt/m/n/10 \begin{center}... \end{center}
 []

[3] [4] (./ex.aux) ) 
Here is how much of TeX's memory you used:
 592 strings out of 494936
 7201 string characters out of 6180785
 57258 words of memory out of 5000000
 3943 multiletter control sequences out of 15000+600000
 9016 words of font info for 32 fonts, out of 8000000 for 9000
 14 hyphenation exceptions out of 8191
 25i,6n,21p,222b,187s stack positions out of 5000i,500n,10000p,200000b,80000s
</opt/local/share/texmf-texlive/fonts/type1/public/amsfonts
/cm/cmbx10.pfb></opt/local/share/texmf-texlive/fonts/type1/public/amsfonts/cm/c
mbx12.pfb></opt/local/share/texmf-texlive/fonts/type1/public/amsfonts/cm/cmbx9.
pfb></opt/local/share/texmf-texlive/fonts/type1/public/amsfonts/cm/cmmi10.pfb><
/opt/local/share/texmf-texlive/fonts/type1/public/amsfonts/cm/cmr10.pfb></opt/l
ocal/share/texmf-texlive/fonts/type1/public/amsfonts/cm/cmr12.pfb></opt/local/s
hare/texmf-texlive/fonts/type1/public/amsfonts/cm/cmr17.pfb></opt/local/share/t
exmf-texlive/fonts/type1/public/amsfonts/cm/cmr7.pfb></opt/local/share/texmf-te
xlive/fonts/type1/public/amsfonts/cm/cmr9.pfb></opt/local/share/texmf-texlive/f
onts/type1/public/amsfonts/cm/cmsy10.pfb></opt/local/share/texmf-texlive/fonts/
type1/public/amsfonts/cm/cmti10.pfb></opt/local/share/texmf-texlive/fonts/type1
/public/amsfonts/cm/cmtt10.pfb>
Output written on ex.pdf (4 pages, 147633 bytes).
PDF statistics:
 65 PDF objects out of 1000 (max. 8388607)
 46 compressed objects within 1 object stream
 0 named destinations out of 1000 (max. 500000)
 1 words of extra memory for PDF output out of 10000 (max. 10000000)

